2023-08-06 01:26:53.728433 - Initialized conversion of CBT156
2023-08-06 01:26:53.978717 - Received CBT.V505.FILE156.PDS from FILE156.XMI 
2023-08-06 01:26:53.979821 - Found $$$SPACE.x-empty containing application/x-empty, moved to PDS/$$$SPACE
2023-08-06 01:26:53.981794 - Found @BLANK.txt (text/plain) in CBT.V505.FILE156.PDS, moved to PDS/@BLANK
2023-08-06 01:26:53.982643 - Found @CALL.txt (text/plain) in CBT.V505.FILE156.PDS, moved to PDS/@CALL
2023-08-06 01:26:53.983534 - Found @DASH.txt (text/plain) in CBT.V505.FILE156.PDS, moved to PDS/@DASH
2023-08-06 01:26:53.984407 - Found @ERROR.txt (text/plain) in CBT.V505.FILE156.PDS, moved to PDS/@ERROR
2023-08-06 01:26:53.985267 - Found @FILL.txt (text/plain) in CBT.V505.FILE156.PDS, moved to PDS/@FILL
2023-08-06 01:26:53.986131 - Found @FMTREG.txt (text/plain) in CBT.V505.FILE156.PDS, moved to PDS/@FMTREG
2023-08-06 01:26:53.986961 - Found @MVC.txt (text/plain) in CBT.V505.FILE156.PDS, moved to PDS/@MVC
2023-08-06 01:26:53.987754 - Found @REGS.txt (text/plain) in CBT.V505.FILE156.PDS, moved to PDS/@REGS
2023-08-06 01:26:53.988544 - Found @ZERO.txt (text/plain) in CBT.V505.FILE156.PDS, moved to PDS/@ZERO
2023-08-06 01:26:53.989373 - Found @ZREGS.txt (text/plain) in CBT.V505.FILE156.PDS, moved to PDS/@ZREGS
2023-08-06 01:26:53.990253 - Found ASAPART.txt (text/plain) in CBT.V505.FILE156.PDS, moved to PDS/ASAPART
2023-08-06 01:26:53.991057 - Found ASAPCNVT.txt (text/plain) in CBT.V505.FILE156.PDS, moved to PDS/ASAPCNVT
2023-08-06 01:26:53.991905 - Found ASAPCNV2.txt (text/plain) in CBT.V505.FILE156.PDS, moved to PDS/ASAPCNV2
2023-08-06 01:26:53.992723 - Found ASAPDOC.txt (text/plain) in CBT.V505.FILE156.PDS, moved to PDS/ASAPDOC
2023-08-06 01:26:53.993602 - Found ASMASAP.txt (text/plain) in CBT.V505.FILE156.PDS, moved to PDS/ASMASAP
2023-08-06 01:26:53.994491 - Found IEBASAP.txt (text/plain) in CBT.V505.FILE156.PDS, moved to PDS/IEBASAP
2023-08-06 01:26:53.995342 - Found IEBASAPA.txt (text/plain) in CBT.V505.FILE156.PDS, moved to PDS/IEBASAPA
2023-08-06 01:26:53.996190 - Found IEBASAPB.txt (text/plain) in CBT.V505.FILE156.PDS, moved to PDS/IEBASAPB
2023-08-06 01:26:53.997065 - Found IEBASAPC.txt (text/plain) in CBT.V505.FILE156.PDS, moved to PDS/IEBASAPC
2023-08-06 01:26:53.998007 - Found IEBASAPD.txt (text/plain) in CBT.V505.FILE156.PDS, moved to PDS/IEBASAPD
2023-08-06 01:26:53.998857 - Found IEBASAPE.txt (text/plain) in CBT.V505.FILE156.PDS, moved to PDS/IEBASAPE
2023-08-06 01:26:53.999668 - Found IEBASAPF.txt (text/plain) in CBT.V505.FILE156.PDS, moved to PDS/IEBASAPF
2023-08-06 01:26:54.000452 - Found IEBASAPG.txt (text/plain) in CBT.V505.FILE156.PDS, moved to PDS/IEBASAPG
2023-08-06 01:26:54.001299 - Found IEBASAPH.txt (text/plain) in CBT.V505.FILE156.PDS, moved to PDS/IEBASAPH
2023-08-06 01:26:54.002182 - Found IEBASAPI.txt (text/plain) in CBT.V505.FILE156.PDS, moved to PDS/IEBASAPI
2023-08-06 01:26:54.003014 - Found IEBASAPJ.txt (text/plain) in CBT.V505.FILE156.PDS, moved to PDS/IEBASAPJ
2023-08-06 01:26:54.003864 - Found IEBASAPK.txt (text/plain) in CBT.V505.FILE156.PDS, moved to PDS/IEBASAPK
2023-08-06 01:26:54.004678 - Found IEBASAPL.txt (text/plain) in CBT.V505.FILE156.PDS, moved to PDS/IEBASAPL
2023-08-06 01:26:54.005592 - Found IEBASAPM.txt (text/plain) in CBT.V505.FILE156.PDS, moved to PDS/IEBASAPM
2023-08-06 01:26:54.006434 - Found IEBASAPN.txt (text/plain) in CBT.V505.FILE156.PDS, moved to PDS/IEBASAPN
2023-08-06 01:26:54.007275 - Found JCLCNVT.txt (text/plain) in CBT.V505.FILE156.PDS, moved to PDS/JCLCNVT
2023-08-06 01:26:54.008192 - Found JCLCNV2.txt (text/plain) in CBT.V505.FILE156.PDS, moved to PDS/JCLCNV2
2023-08-06 01:26:54.009154 - Found JCL0.txt (text/plain) in CBT.V505.FILE156.PDS, moved to PDS/JCL0
2023-08-06 01:26:54.010097 - Found JCL1.txt (text/plain) in CBT.V505.FILE156.PDS, moved to PDS/JCL1
2023-08-06 01:26:54.011040 - Found KEYT.txt (text/plain) in CBT.V505.FILE156.PDS, moved to PDS/KEYT
2023-08-06 01:26:54.011950 - Found KEYVAL.txt (text/plain) in CBT.V505.FILE156.PDS, moved to PDS/KEYVAL
2023-08-06 01:26:54.012846 - Found VIPDOC.txt (text/plain) in CBT.V505.FILE156.PDS, moved to PDS/VIPDOC
